<?xml version="1.0" encoding="UTF-8"?>
<testsuite name="Test Results"
           tests="32"
           failures="1"
           errors="0"
           skipped="31"
           time="0.058">
  <properties />
            <testcase name="" time="0.000" classname="com.testautomation.util.ExecuteTestCases ()">
                <failure type="java.lang.NullPointerException"
                  message="(null)"
              >
<![CDATA[java.lang.NullPointerException
  com.testautomation.util.ExcelLibrary.getRows(ExcelLibrary.java:104)
  com.testautomation.util.ExcelAction.readTestCaseInExcel(ExcelAction.java:347)
  com.testautomation.util.ExecuteTestCases.setup(ExecuteTestCases.java:70)
  sun.reflect.NativeMethodAccessorImpl.invoke0(Native Method)
  sun.reflect.NativeMethodAccessorImpl.invoke(Unknown Source)
  sun.reflect.DelegatingMethodAccessorImpl.invoke(Unknown Source)
  java.lang.reflect.Method.invoke(Unknown Source)
  org.testng.internal.MethodInvocationHelper.invokeMethod(MethodInvocationHelper.java:84)
  org.testng.internal.Invoker.invokeConfigurationMethod(Invoker.java:564)
  org.testng.internal.Invoker.invokeConfigurations(Invoker.java:213)
  org.testng.internal.Invoker.invokeConfigurations(Invoker.java:138)
  org.testng.internal.TestMethodWorker.invokeBeforeClassMethods(TestMethodWorker.java:175)
  org.testng.internal.TestMethodWorker.run(TestMethodWorker.java:107)
  org.testng.TestRunner.privateRun(TestRunner.java:767)
  org.testng.TestRunner.run(TestRunner.java:617)
  org.testng.SuiteRunner.runTest(SuiteRunner.java:334)
  org.testng.SuiteRunner.runSequentially(SuiteRunner.java:329)
  org.testng.SuiteRunner.privateRun(SuiteRunner.java:291)
  org.testng.SuiteRunner.run(SuiteRunner.java:240)
  org.testng.SuiteRunnerWorker.runSuite(SuiteRunnerWorker.java:52)
  org.testng.SuiteRunnerWorker.run(SuiteRunnerWorker.java:86)
  org.testng.TestNG.runSuitesSequentially(TestNG.java:1224)
  org.testng.TestNG.runSuitesLocally(TestNG.java:1149)
  org.testng.TestNG.run(TestNG.java:1057)
  com.testautomation.MainTestNG.testng(MainTestNG.java:173)
  com.testautomation.MainTestNG.startTest(MainTestNG.java:117)
  com.testautomation.controller.FirstController.startTest(FirstController.java:139)
  sun.reflect.NativeMethodAccessorImpl.invoke0(Native Method)
  sun.reflect.NativeMethodAccessorImpl.invoke(Unknown Source)
  sun.reflect.DelegatingMethodAccessorImpl.invoke(Unknown Source)
  java.lang.reflect.Method.invoke(Unknown Source)
  org.springframework.web.method.support.InvocableHandlerMethod.doInvoke(InvocableHandlerMethod.java:190)
  org.springframework.web.method.support.InvocableHandlerMethod.invokeForRequest(InvocableHandlerMethod.java:138)
  org.springframework.web.servlet.mvc.method.annotation.ServletInvocableHandlerMethod.invokeAndHandle(ServletInvocableHandlerMethod.java:106)
  org.springframework.web.servlet.mvc.method.annotation.RequestMappingHandlerAdapter.invokeHandlerMethod(RequestMappingHandlerAdapter.java:888)
  org.springframework.web.servlet.mvc.method.annotation.RequestMappingHandlerAdapter.handleInternal(RequestMappingHandlerAdapter.java:793)
  org.springframework.web.servlet.mvc.method.AbstractHandlerMethodAdapter.handle(AbstractHandlerMethodAdapter.java:87)
  org.springframework.web.servlet.DispatcherServlet.doDispatch(DispatcherServlet.java:1040)
  org.springframework.web.servlet.DispatcherServlet.doService(DispatcherServlet.java:943)
  org.springframework.web.servlet.FrameworkServlet.processRequest(FrameworkServlet.java:1006)
  org.springframework.web.servlet.FrameworkServlet.doGet(FrameworkServlet.java:898)
  javax.servlet.http.HttpServlet.service(HttpServlet.java:634)
  org.springframework.web.servlet.FrameworkServlet.service(FrameworkServlet.java:883)
  javax.servlet.http.HttpServlet.service(HttpServlet.java:741)
  org.apache.catalina.core.ApplicationFilterChain.internalDoFilter(ApplicationFilterChain.java:231)
  org.apache.catalina.core.ApplicationFilterChain.doFilter(ApplicationFilterChain.java:166)
  org.apache.tomcat.websocket.server.WsFilter.doFilter(WsFilter.java:53)
  org.apache.catalina.core.ApplicationFilterChain.internalDoFilter(ApplicationFilterChain.java:193)
  org.apache.catalina.core.ApplicationFilterChain.doFilter(ApplicationFilterChain.java:166)
  org.springframework.web.filter.CorsFilter.doFilterInternal(CorsFilter.java:92)
  org.springframework.web.filter.OncePerRequestFilter.doFilter(OncePerRequestFilter.java:119)
  org.apache.catalina.core.ApplicationFilterChain.internalDoFilter(ApplicationFilterChain.java:193)
  org.apache.catalina.core.ApplicationFilterChain.doFilter(ApplicationFilterChain.java:166)
  org.springframework.web.filter.RequestContextFilter.doFilterInternal(RequestContextFilter.java:100)
  org.springframework.web.filter.OncePerRequestFilter.doFilter(OncePerRequestFilter.java:119)
  org.apache.catalina.core.ApplicationFilterChain.internalDoFilter(ApplicationFilterChain.java:193)
  org.apache.catalina.core.ApplicationFilterChain.doFilter(ApplicationFilterChain.java:166)
  org.springframework.web.filter.FormContentFilter.doFilterInternal(FormContentFilter.java:93)
  org.springframework.web.filter.OncePerRequestFilter.doFilter(OncePerRequestFilter.java:119)
  org.apache.catalina.core.ApplicationFilterChain.internalDoFilter(ApplicationFilterChain.java:193)
  org.apache.catalina.core.ApplicationFilterChain.doFilter(ApplicationFilterChain.java:166)
  org.springframework.web.filter.CharacterEncodingFilter.doFilterInternal(CharacterEncodingFilter.java:201)
  org.springframework.web.filter.OncePerRequestFilter.doFilter(OncePerRequestFilter.java:119)
  org.apache.catalina.core.ApplicationFilterChain.internalDoFilter(ApplicationFilterChain.java:193)
  org.apache.catalina.core.ApplicationFilterChain.doFilter(ApplicationFilterChain.java:166)
  org.apache.catalina.core.StandardWrapperValve.invoke(StandardWrapperValve.java:202)
  org.apache.catalina.core.StandardContextValve.invoke(StandardContextValve.java:96)
  org.apache.catalina.authenticator.AuthenticatorBase.invoke(AuthenticatorBase.java:526)
  org.apache.catalina.core.StandardHostValve.invoke(StandardHostValve.java:139)
  org.apache.catalina.valves.ErrorReportValve.invoke(ErrorReportValve.java:92)
  org.apache.catalina.core.StandardEngineValve.invoke(StandardEngineValve.java:74)
  org.apache.catalina.connector.CoyoteAdapter.service(CoyoteAdapter.java:343)
  org.apache.coyote.http11.Http11Processor.service(Http11Processor.java:408)
  org.apache.coyote.AbstractProcessorLight.process(AbstractProcessorLight.java:66)
  org.apache.coyote.AbstractProtocol$ConnectionHandler.process(AbstractProtocol.java:861)
  org.apache.tomcat.util.net.NioEndpoint$SocketProcessor.doRun(NioEndpoint.java:1579)
  org.apache.tomcat.util.net.SocketProcessorBase.run(SocketProcessorBase.java:49)
  java.util.concurrent.ThreadPoolExecutor.runWorker(Unknown Source)
  java.util.concurrent.ThreadPoolExecutor$Worker.run(Unknown Source)
  org.apache.tomcat.util.threads.TaskThread$WrappingRunnable.run(TaskThread.java:61)
  java.lang.Thread.run(Unknown Source)
]]>
      </failure>

          </testcase>
  
            <testcase name="" time="0.0" classname="com.testautomation.util.ExecuteTestCases ()">
          <skipped />
    </testcase>
            <testcase name="" time="0.0" classname="com.testautomation.util.ExecuteTestCases ()">
          <skipped />
    </testcase>
            <testcase name="" time="0.0" classname="com.testautomation.util.ExecuteTestCases ()">
          <skipped />
    </testcase>
            <testcase name="" time="0.0" classname="com.testautomation.util.ExecuteTestCases ()">
          <skipped />
    </testcase>
            <testcase name="" time="0.0" classname="com.testautomation.util.ExecuteTestCases ()">
          <skipped />
    </testcase>
            <testcase name="" time="0.0" classname="com.testautomation.util.ExecuteTestCases ()">
          <skipped />
    </testcase>
            <testcase name="" time="0.0" classname="com.testautomation.util.ExecuteTestCases ()">
          <skipped />
    </testcase>
            <testcase name="" time="0.0" classname="com.testautomation.util.ExecuteTestCases ()">
          <skipped />
    </testcase>
            <testcase name="" time="0.0" classname="com.testautomation.util.ExecuteTestCases ()">
          <skipped />
    </testcase>
            <testcase name="" time="0.0" classname="com.testautomation.util.ExecuteTestCases ()">
          <skipped />
    </testcase>
            <testcase name="" time="0.0" classname="com.testautomation.util.ExecuteTestCases ()">
          <skipped />
    </testcase>
            <testcase name="" time="0.0" classname="com.testautomation.util.ExecuteTestCases ()">
          <skipped />
    </testcase>
            <testcase name="" time="0.0" classname="com.testautomation.util.ExecuteTestCases ()">
          <skipped />
    </testcase>
            <testcase name="" time="0.0" classname="com.testautomation.util.ExecuteTestCases ()">
          <skipped />
    </testcase>
            <testcase name="" time="0.0" classname="com.testautomation.util.ExecuteTestCases ()">
          <skipped />
    </testcase>
            <testcase name="" time="0.0" classname="com.testautomation.util.ExecuteTestCases ()">
          <skipped />
    </testcase>
            <testcase name="" time="0.0" classname="com.testautomation.util.ExecuteTestCases ()">
          <skipped />
    </testcase>
            <testcase name="" time="0.0" classname="com.testautomation.util.ExecuteTestCases ()">
          <skipped />
    </testcase>
            <testcase name="" time="0.0" classname="com.testautomation.util.ExecuteTestCases ()">
          <skipped />
    </testcase>
            <testcase name="" time="0.0" classname="com.testautomation.util.ExecuteTestCases ()">
          <skipped />
    </testcase>
            <testcase name="" time="0.0" classname="com.testautomation.util.ExecuteTestCases ()">
          <skipped />
    </testcase>
            <testcase name="" time="0.0" classname="com.testautomation.util.ExecuteTestCases ()">
          <skipped />
    </testcase>
            <testcase name="" time="0.0" classname="com.testautomation.util.ExecuteTestCases ()">
          <skipped />
    </testcase>
            <testcase name="" time="0.0" classname="com.testautomation.util.ExecuteTestCases ()">
          <skipped />
    </testcase>
            <testcase name="" time="0.0" classname="com.testautomation.util.ExecuteTestCases ()">
          <skipped />
    </testcase>
            <testcase name="" time="0.0" classname="com.testautomation.util.ExecuteTestCases ()">
          <skipped />
    </testcase>
            <testcase name="" time="0.0" classname="com.testautomation.util.ExecuteTestCases ()">
          <skipped />
    </testcase>
            <testcase name="" time="0.0" classname="com.testautomation.util.ExecuteTestCases ()">
          <skipped />
    </testcase>
            <testcase name="" time="0.0" classname="com.testautomation.util.ExecuteTestCases ()">
          <skipped />
    </testcase>
            <testcase name="" time="0.0" classname="com.testautomation.util.ExecuteTestCases ()">
          <skipped />
    </testcase>
            <testcase name="" time="0.0" classname="com.testautomation.util.ExecuteTestCases ()">
          <skipped />
    </testcase>
  
  
</testsuite>
